{"/home/alexander/gendiff/index.js": {"path":"/home/alexander/gendiff/index.js","statementMap":{"0":{"start":{"line":1,"column":0},"end":{"line":1,"column":36}},"1":{"start":{"line":2,"column":0},"end":{"line":2,"column":0}},"2":{"start":{"line":3,"column":0},"end":{"line":3,"column":23}}},"s":{"0":1,"1":1,"2":1},"branchMap":{"0":{"type":"branch","line":3,"loc":{"start":{"line":3,"column":23},"end":{"line":3,"column":23}},"locations":[{"start":{"line":3,"column":23},"end":{"line":3,"column":23}}]}},"b":{"0":[1]},"fnMap":{},"f":{}}
,"/home/alexander/gendiff/src/diff.js": {"path":"/home/alexander/gendiff/src/diff.js","statementMap":{"0":{"start":{"line":1,"column":0},"end":{"line":1,"column":29}},"1":{"start":{"line":2,"column":0},"end":{"line":2,"column":23}},"2":{"start":{"line":3,"column":0},"end":{"line":3,"column":42}},"3":{"start":{"line":4,"column":0},"end":{"line":4,"column":50}},"4":{"start":{"line":5,"column":0},"end":{"line":5,"column":0}},"5":{"start":{"line":6,"column":0},"end":{"line":6,"column":44}},"6":{"start":{"line":7,"column":0},"end":{"line":7,"column":48}},"7":{"start":{"line":8,"column":0},"end":{"line":8,"column":33}},"8":{"start":{"line":9,"column":0},"end":{"line":9,"column":89}},"9":{"start":{"line":10,"column":0},"end":{"line":10,"column":89}},"10":{"start":{"line":11,"column":0},"end":{"line":11,"column":38}},"11":{"start":{"line":12,"column":0},"end":{"line":12,"column":27}},"12":{"start":{"line":13,"column":0},"end":{"line":13,"column":7}},"13":{"start":{"line":14,"column":0},"end":{"line":14,"column":34}},"14":{"start":{"line":15,"column":0},"end":{"line":15,"column":78}},"15":{"start":{"line":16,"column":0},"end":{"line":16,"column":7}},"16":{"start":{"line":17,"column":0},"end":{"line":17,"column":36}},"17":{"start":{"line":18,"column":0},"end":{"line":18,"column":61}},"18":{"start":{"line":19,"column":0},"end":{"line":19,"column":7}},"19":{"start":{"line":20,"column":0},"end":{"line":20,"column":36}},"20":{"start":{"line":21,"column":0},"end":{"line":21,"column":87}},"21":{"start":{"line":22,"column":0},"end":{"line":22,"column":7}},"22":{"start":{"line":23,"column":0},"end":{"line":23,"column":18}},"23":{"start":{"line":24,"column":0},"end":{"line":24,"column":5}},"24":{"start":{"line":25,"column":0},"end":{"line":25,"column":30}},"25":{"start":{"line":26,"column":0},"end":{"line":26,"column":93}},"26":{"start":{"line":27,"column":0},"end":{"line":27,"column":0}},"27":{"start":{"line":28,"column":0},"end":{"line":28,"column":28}},"28":{"start":{"line":29,"column":0},"end":{"line":29,"column":4}},"29":{"start":{"line":30,"column":0},"end":{"line":30,"column":0}},"30":{"start":{"line":31,"column":0},"end":{"line":31,"column":34}},"31":{"start":{"line":32,"column":0},"end":{"line":32,"column":38}},"32":{"start":{"line":33,"column":0},"end":{"line":33,"column":47}},"33":{"start":{"line":34,"column":0},"end":{"line":34,"column":37}},"34":{"start":{"line":35,"column":0},"end":{"line":35,"column":16}},"35":{"start":{"line":36,"column":0},"end":{"line":36,"column":2}},"36":{"start":{"line":37,"column":0},"end":{"line":37,"column":0}},"37":{"start":{"line":38,"column":0},"end":{"line":38,"column":46}},"38":{"start":{"line":39,"column":0},"end":{"line":39,"column":31}},"39":{"start":{"line":40,"column":0},"end":{"line":40,"column":100}},"40":{"start":{"line":41,"column":0},"end":{"line":41,"column":100}},"41":{"start":{"line":42,"column":0},"end":{"line":42,"column":0}},"42":{"start":{"line":43,"column":0},"end":{"line":43,"column":35}},"43":{"start":{"line":44,"column":0},"end":{"line":44,"column":66}},"44":{"start":{"line":45,"column":0},"end":{"line":45,"column":5}},"45":{"start":{"line":46,"column":0},"end":{"line":46,"column":37}},"46":{"start":{"line":47,"column":0},"end":{"line":47,"column":41}},"47":{"start":{"line":48,"column":0},"end":{"line":48,"column":5}},"48":{"start":{"line":49,"column":0},"end":{"line":49,"column":35}},"49":{"start":{"line":50,"column":0},"end":{"line":50,"column":41}},"50":{"start":{"line":51,"column":0},"end":{"line":51,"column":5}},"51":{"start":{"line":52,"column":0},"end":{"line":52,"column":33}},"52":{"start":{"line":53,"column":0},"end":{"line":53,"column":41}},"53":{"start":{"line":54,"column":0},"end":{"line":54,"column":5}},"54":{"start":{"line":55,"column":0},"end":{"line":55,"column":34}},"55":{"start":{"line":56,"column":0},"end":{"line":56,"column":83}},"56":{"start":{"line":57,"column":0},"end":{"line":57,"column":5}},"57":{"start":{"line":58,"column":0},"end":{"line":58,"column":17}},"58":{"start":{"line":59,"column":0},"end":{"line":59,"column":4}},"59":{"start":{"line":60,"column":0},"end":{"line":60,"column":69}},"60":{"start":{"line":61,"column":0},"end":{"line":61,"column":22}},"61":{"start":{"line":62,"column":0},"end":{"line":62,"column":2}},"62":{"start":{"line":63,"column":0},"end":{"line":63,"column":0}},"63":{"start":{"line":64,"column":0},"end":{"line":64,"column":43}},"64":{"start":{"line":65,"column":0},"end":{"line":65,"column":29}},"65":{"start":{"line":66,"column":0},"end":{"line":66,"column":37}},"66":{"start":{"line":67,"column":0},"end":{"line":67,"column":29}},"67":{"start":{"line":68,"column":0},"end":{"line":68,"column":35}},"68":{"start":{"line":69,"column":0},"end":{"line":69,"column":3}},"69":{"start":{"line":70,"column":0},"end":{"line":70,"column":14}},"70":{"start":{"line":71,"column":0},"end":{"line":71,"column":2}},"71":{"start":{"line":72,"column":0},"end":{"line":72,"column":0}},"72":{"start":{"line":73,"column":0},"end":{"line":73,"column":37}},"73":{"start":{"line":74,"column":0},"end":{"line":74,"column":56}},"74":{"start":{"line":75,"column":0},"end":{"line":75,"column":26}},"75":{"start":{"line":76,"column":0},"end":{"line":76,"column":24}},"76":{"start":{"line":77,"column":0},"end":{"line":77,"column":41}},"77":{"start":{"line":78,"column":0},"end":{"line":78,"column":30}},"78":{"start":{"line":79,"column":0},"end":{"line":79,"column":53}},"79":{"start":{"line":80,"column":0},"end":{"line":80,"column":48}},"80":{"start":{"line":81,"column":0},"end":{"line":81,"column":0}},"81":{"start":{"line":82,"column":0},"end":{"line":82,"column":45}},"82":{"start":{"line":83,"column":0},"end":{"line":83,"column":48}},"83":{"start":{"line":84,"column":0},"end":{"line":84,"column":63}},"84":{"start":{"line":85,"column":0},"end":{"line":85,"column":99}},"85":{"start":{"line":86,"column":0},"end":{"line":86,"column":25}},"86":{"start":{"line":87,"column":0},"end":{"line":87,"column":114}},"87":{"start":{"line":88,"column":0},"end":{"line":88,"column":59}},"88":{"start":{"line":89,"column":0},"end":{"line":89,"column":28}},"89":{"start":{"line":90,"column":0},"end":{"line":90,"column":18}},"90":{"start":{"line":91,"column":0},"end":{"line":91,"column":27}},"91":{"start":{"line":92,"column":0},"end":{"line":92,"column":36}},"92":{"start":{"line":93,"column":0},"end":{"line":93,"column":36}},"93":{"start":{"line":94,"column":0},"end":{"line":94,"column":28}},"94":{"start":{"line":95,"column":0},"end":{"line":95,"column":11}},"95":{"start":{"line":96,"column":0},"end":{"line":96,"column":14}},"96":{"start":{"line":97,"column":0},"end":{"line":97,"column":33}},"97":{"start":{"line":98,"column":0},"end":{"line":98,"column":18}},"98":{"start":{"line":99,"column":0},"end":{"line":99,"column":27}},"99":{"start":{"line":100,"column":0},"end":{"line":100,"column":36}},"100":{"start":{"line":101,"column":0},"end":{"line":101,"column":36}},"101":{"start":{"line":102,"column":0},"end":{"line":102,"column":26}},"102":{"start":{"line":103,"column":0},"end":{"line":103,"column":11}},"103":{"start":{"line":104,"column":0},"end":{"line":104,"column":7}},"104":{"start":{"line":105,"column":0},"end":{"line":105,"column":42}},"105":{"start":{"line":106,"column":0},"end":{"line":106,"column":21}},"106":{"start":{"line":107,"column":0},"end":{"line":107,"column":81}},"107":{"start":{"line":108,"column":0},"end":{"line":108,"column":42}},"108":{"start":{"line":109,"column":0},"end":{"line":109,"column":22}},"109":{"start":{"line":110,"column":0},"end":{"line":110,"column":79}},"110":{"start":{"line":111,"column":0},"end":{"line":111,"column":5}},"111":{"start":{"line":112,"column":0},"end":{"line":112,"column":0}},"112":{"start":{"line":113,"column":0},"end":{"line":113,"column":15}},"113":{"start":{"line":114,"column":0},"end":{"line":114,"column":4}},"114":{"start":{"line":115,"column":0},"end":{"line":115,"column":44}},"115":{"start":{"line":116,"column":0},"end":{"line":116,"column":2}},"116":{"start":{"line":117,"column":0},"end":{"line":117,"column":0}},"117":{"start":{"line":118,"column":0},"end":{"line":118,"column":67}},"118":{"start":{"line":119,"column":0},"end":{"line":119,"column":55}},"119":{"start":{"line":120,"column":0},"end":{"line":120,"column":35}},"120":{"start":{"line":121,"column":0},"end":{"line":121,"column":29}},"121":{"start":{"line":122,"column":0},"end":{"line":122,"column":3}},"122":{"start":{"line":123,"column":0},"end":{"line":123,"column":54}},"123":{"start":{"line":124,"column":0},"end":{"line":124,"column":54}},"124":{"start":{"line":125,"column":0},"end":{"line":125,"column":0}},"125":{"start":{"line":126,"column":0},"end":{"line":126,"column":63}},"126":{"start":{"line":127,"column":0},"end":{"line":127,"column":29}},"127":{"start":{"line":128,"column":0},"end":{"line":128,"column":23}},"128":{"start":{"line":129,"column":0},"end":{"line":129,"column":3}},"129":{"start":{"line":130,"column":0},"end":{"line":130,"column":0}},"130":{"start":{"line":131,"column":0},"end":{"line":131,"column":59}},"131":{"start":{"line":132,"column":0},"end":{"line":132,"column":52}},"132":{"start":{"line":133,"column":0},"end":{"line":133,"column":21}},"133":{"start":{"line":134,"column":0},"end":{"line":134,"column":2}},"134":{"start":{"line":135,"column":0},"end":{"line":135,"column":0}},"135":{"start":{"line":136,"column":0},"end":{"line":136,"column":95}},"136":{"start":{"line":137,"column":0},"end":{"line":137,"column":0}},"137":{"start":{"line":138,"column":0},"end":{"line":138,"column":23}},"138":{"start":{"line":139,"column":0},"end":{"line":139,"column":28}}},"s":{"0":1,"1":1,"2":1,"3":1,"4":1,"5":1,"6":1,"7":18,"8":14,"9":14,"10":14,"11":3,"12":3,"13":14,"14":5,"15":5,"16":14,"17":2,"18":2,"19":4,"20":4,"21":4,"22":0,"23":0,"24":4,"25":4,"26":4,"27":4,"28":4,"29":1,"30":1,"31":1,"32":1,"33":1,"34":1,"35":1,"36":1,"37":1,"38":1,"39":15,"40":15,"41":15,"42":15,"43":3,"44":3,"45":15,"46":3,"47":3,"48":15,"49":6,"50":6,"51":3,"52":3,"53":3,"54":0,"55":0,"56":0,"57":0,"58":0,"59":1,"60":1,"61":1,"62":1,"63":1,"64":1,"65":3,"66":1,"67":1,"68":1,"69":1,"70":1,"71":1,"72":1,"73":1,"74":1,"75":1,"76":1,"77":1,"78":1,"79":1,"80":1,"81":1,"82":33,"83":33,"84":16,"85":16,"86":16,"87":16,"88":16,"89":16,"90":16,"91":16,"92":16,"93":16,"94":16,"95":16,"96":16,"97":16,"98":16,"99":16,"100":16,"101":16,"102":16,"103":16,"104":16,"105":8,"106":8,"107":8,"108":8,"109":8,"110":8,"111":33,"112":33,"113":33,"114":1,"115":1,"116":1,"117":1,"118":1,"119":2,"120":2,"121":2,"122":5,"123":5,"124":5,"125":1,"126":1,"127":1,"128":1,"129":1,"130":1,"131":1,"132":1,"133":1,"134":1,"135":1,"136":1,"137":1,"138":1},"branchMap":{"0":{"type":"branch","line":139,"loc":{"start":{"line":139,"column":28},"end":{"line":139,"column":28}},"locations":[{"start":{"line":139,"column":28},"end":{"line":139,"column":28}}]},"1":{"type":"branch","line":6,"loc":{"start":{"line":6,"column":27},"end":{"line":6,"column":6}},"locations":[{"start":{"line":6,"column":27},"end":{"line":6,"column":6}}]},"2":{"type":"branch","line":7,"loc":{"start":{"line":7,"column":24},"end":{"line":29,"column":4}},"locations":[{"start":{"line":7,"column":24},"end":{"line":29,"column":4}}]},"3":{"type":"branch","line":8,"loc":{"start":{"line":8,"column":32},"end":{"line":24,"column":5}},"locations":[{"start":{"line":8,"column":32},"end":{"line":24,"column":5}}]},"4":{"type":"branch","line":9,"loc":{"start":{"line":9,"column":19},"end":{"line":9,"column":77}},"locations":[{"start":{"line":9,"column":19},"end":{"line":9,"column":77}}]},"5":{"type":"branch","line":9,"loc":{"start":{"line":9,"column":19},"end":{"line":9,"column":89}},"locations":[{"start":{"line":9,"column":19},"end":{"line":9,"column":89}}]},"6":{"type":"branch","line":10,"loc":{"start":{"line":10,"column":19},"end":{"line":10,"column":77}},"locations":[{"start":{"line":10,"column":19},"end":{"line":10,"column":77}}]},"7":{"type":"branch","line":10,"loc":{"start":{"line":10,"column":19},"end":{"line":10,"column":89}},"locations":[{"start":{"line":10,"column":19},"end":{"line":10,"column":89}}]},"8":{"type":"branch","line":11,"loc":{"start":{"line":11,"column":37},"end":{"line":13,"column":7}},"locations":[{"start":{"line":11,"column":37},"end":{"line":13,"column":7}}]},"9":{"type":"branch","line":13,"loc":{"start":{"line":13,"column":7},"end":{"line":14,"column":10}},"locations":[{"start":{"line":13,"column":7},"end":{"line":14,"column":10}}]},"10":{"type":"branch","line":14,"loc":{"start":{"line":14,"column":33},"end":{"line":16,"column":7}},"locations":[{"start":{"line":14,"column":33},"end":{"line":16,"column":7}}]},"11":{"type":"branch","line":16,"loc":{"start":{"line":16,"column":7},"end":{"line":17,"column":10}},"locations":[{"start":{"line":16,"column":7},"end":{"line":17,"column":10}}]},"12":{"type":"branch","line":17,"loc":{"start":{"line":17,"column":35},"end":{"line":19,"column":7}},"locations":[{"start":{"line":17,"column":35},"end":{"line":19,"column":7}}]},"13":{"type":"branch","line":19,"loc":{"start":{"line":19,"column":7},"end":{"line":22,"column":7}},"locations":[{"start":{"line":19,"column":7},"end":{"line":22,"column":7}}]},"14":{"type":"branch","line":22,"loc":{"start":{"line":22,"column":7},"end":{"line":24,"column":5}},"locations":[{"start":{"line":22,"column":7},"end":{"line":24,"column":5}}]},"15":{"type":"branch","line":24,"loc":{"start":{"line":24,"column":5},"end":{"line":29,"column":4}},"locations":[{"start":{"line":24,"column":5},"end":{"line":29,"column":4}}]},"16":{"type":"branch","line":26,"loc":{"start":{"line":26,"column":43},"end":{"line":26,"column":63}},"locations":[{"start":{"line":26,"column":43},"end":{"line":26,"column":63}}]},"17":{"type":"branch","line":32,"loc":{"start":{"line":32,"column":10},"end":{"line":32,"column":30}},"locations":[{"start":{"line":32,"column":10},"end":{"line":32,"column":30}}]},"18":{"type":"branch","line":33,"loc":{"start":{"line":33,"column":13},"end":{"line":33,"column":47}},"locations":[{"start":{"line":33,"column":13},"end":{"line":33,"column":47}}]},"19":{"type":"branch","line":34,"loc":{"start":{"line":34,"column":10},"end":{"line":34,"column":17}},"locations":[{"start":{"line":34,"column":10},"end":{"line":34,"column":17}}]},"20":{"type":"branch","line":38,"loc":{"start":{"line":38,"column":29},"end":{"line":38,"column":6}},"locations":[{"start":{"line":38,"column":29},"end":{"line":38,"column":6}}]},"21":{"type":"branch","line":39,"loc":{"start":{"line":39,"column":20},"end":{"line":59,"column":4}},"locations":[{"start":{"line":39,"column":20},"end":{"line":59,"column":4}}]},"22":{"type":"branch","line":40,"loc":{"start":{"line":40,"column":17},"end":{"line":40,"column":60}},"locations":[{"start":{"line":40,"column":17},"end":{"line":40,"column":60}}]},"23":{"type":"branch","line":41,"loc":{"start":{"line":41,"column":17},"end":{"line":41,"column":60}},"locations":[{"start":{"line":41,"column":17},"end":{"line":41,"column":60}}]},"24":{"type":"branch","line":43,"loc":{"start":{"line":43,"column":34},"end":{"line":45,"column":5}},"locations":[{"start":{"line":43,"column":34},"end":{"line":45,"column":5}}]},"25":{"type":"branch","line":45,"loc":{"start":{"line":45,"column":5},"end":{"line":46,"column":8}},"locations":[{"start":{"line":45,"column":5},"end":{"line":46,"column":8}}]},"26":{"type":"branch","line":46,"loc":{"start":{"line":46,"column":36},"end":{"line":48,"column":5}},"locations":[{"start":{"line":46,"column":36},"end":{"line":48,"column":5}}]},"27":{"type":"branch","line":48,"loc":{"start":{"line":48,"column":5},"end":{"line":49,"column":8}},"locations":[{"start":{"line":48,"column":5},"end":{"line":49,"column":8}}]},"28":{"type":"branch","line":49,"loc":{"start":{"line":49,"column":34},"end":{"line":51,"column":5}},"locations":[{"start":{"line":49,"column":34},"end":{"line":51,"column":5}}]},"29":{"type":"branch","line":51,"loc":{"start":{"line":51,"column":5},"end":{"line":54,"column":5}},"locations":[{"start":{"line":51,"column":5},"end":{"line":54,"column":5}}]},"30":{"type":"branch","line":54,"loc":{"start":{"line":54,"column":5},"end":{"line":59,"column":4}},"locations":[{"start":{"line":54,"column":5},"end":{"line":59,"column":4}}]},"31":{"type":"branch","line":64,"loc":{"start":{"line":64,"column":24},"end":{"line":64,"column":6}},"locations":[{"start":{"line":64,"column":24},"end":{"line":64,"column":6}}]},"32":{"type":"branch","line":65,"loc":{"start":{"line":65,"column":28},"end":{"line":67,"column":4}},"locations":[{"start":{"line":65,"column":28},"end":{"line":67,"column":4}}]},"33":{"type":"branch","line":67,"loc":{"start":{"line":67,"column":3},"end":{"line":69,"column":3}},"locations":[{"start":{"line":67,"column":3},"end":{"line":69,"column":3}}]},"34":{"type":"branch","line":73,"loc":{"start":{"line":73,"column":18},"end":{"line":73,"column":6}},"locations":[{"start":{"line":73,"column":18},"end":{"line":73,"column":6}}]},"35":{"type":"branch","line":82,"loc":{"start":{"line":82,"column":23},"end":{"line":114,"column":4}},"locations":[{"start":{"line":82,"column":23},"end":{"line":114,"column":4}}]},"36":{"type":"branch","line":84,"loc":{"start":{"line":84,"column":8},"end":{"line":84,"column":37}},"locations":[{"start":{"line":84,"column":8},"end":{"line":84,"column":37}}]},"37":{"type":"branch","line":84,"loc":{"start":{"line":84,"column":62},"end":{"line":105,"column":11}},"locations":[{"start":{"line":84,"column":62},"end":{"line":105,"column":11}}]},"38":{"type":"branch","line":85,"loc":{"start":{"line":85,"column":10},"end":{"line":85,"column":98}},"locations":[{"start":{"line":85,"column":10},"end":{"line":85,"column":98}}]},"39":{"type":"branch","line":85,"loc":{"start":{"line":85,"column":98},"end":{"line":88,"column":13}},"locations":[{"start":{"line":85,"column":98},"end":{"line":88,"column":13}}]},"40":{"type":"branch","line":85,"loc":{"start":{"line":85,"column":6},"end":{"line":104,"column":7}},"locations":[{"start":{"line":85,"column":6},"end":{"line":104,"column":7}}]},"41":{"type":"branch","line":88,"loc":{"start":{"line":88,"column":58},"end":{"line":96,"column":13}},"locations":[{"start":{"line":88,"column":58},"end":{"line":96,"column":13}}]},"42":{"type":"branch","line":88,"loc":{"start":{"line":88,"column":13},"end":{"line":104,"column":7}},"locations":[{"start":{"line":88,"column":13},"end":{"line":104,"column":7}}]},"43":{"type":"branch","line":84,"loc":{"start":{"line":84,"column":4},"end":{"line":111,"column":5}},"locations":[{"start":{"line":84,"column":4},"end":{"line":111,"column":5}}]},"44":{"type":"branch","line":105,"loc":{"start":{"line":105,"column":41},"end":{"line":111,"column":5}},"locations":[{"start":{"line":105,"column":41},"end":{"line":111,"column":5}}]},"45":{"type":"branch","line":118,"loc":{"start":{"line":118,"column":16},"end":{"line":118,"column":6}},"locations":[{"start":{"line":118,"column":16},"end":{"line":118,"column":6}}]},"46":{"type":"branch","line":119,"loc":{"start":{"line":119,"column":6},"end":{"line":119,"column":54}},"locations":[{"start":{"line":119,"column":6},"end":{"line":119,"column":54}}]},"47":{"type":"branch","line":119,"loc":{"start":{"line":119,"column":54},"end":{"line":122,"column":3}},"locations":[{"start":{"line":119,"column":54},"end":{"line":122,"column":3}}]},"48":{"type":"branch","line":122,"loc":{"start":{"line":122,"column":3},"end":{"line":126,"column":62}},"locations":[{"start":{"line":122,"column":3},"end":{"line":126,"column":62}}]},"49":{"type":"branch","line":126,"loc":{"start":{"line":126,"column":62},"end":{"line":129,"column":3}},"locations":[{"start":{"line":126,"column":62},"end":{"line":129,"column":3}}]}},"b":{"0":[1],"1":[1],"2":[18],"3":[14],"4":[2],"5":[12],"6":[3],"7":[11],"8":[3],"9":[11],"10":[5],"11":[6],"12":[2],"13":[4],"14":[0],"15":[4],"16":[14],"17":[4],"18":[14],"19":[11],"20":[3],"21":[15],"22":[0],"23":[0],"24":[3],"25":[12],"26":[3],"27":[9],"28":[6],"29":[3],"30":[0],"31":[4],"32":[3],"33":[1],"34":[8],"35":[33],"36":[25],"37":[17],"38":[5],"39":[4],"40":[13],"41":[6],"42":[7],"43":[16],"44":[8],"45":[7],"46":[6],"47":[2],"48":[5],"49":[1]},"fnMap":{"0":{"name":"renderResultPlain","decl":{"start":{"line":6,"column":27},"end":{"line":6,"column":6}},"loc":{"start":{"line":6,"column":27},"end":{"line":6,"column":6}},"line":6},"1":{"name":"getNodesCount","decl":{"start":{"line":7,"column":24},"end":{"line":29,"column":4}},"loc":{"start":{"line":7,"column":24},"end":{"line":29,"column":4}},"line":7},"2":{"name":"renderResultStylish","decl":{"start":{"line":38,"column":29},"end":{"line":38,"column":6}},"loc":{"start":{"line":38,"column":29},"end":{"line":38,"column":6}},"line":38},"3":{"name":"callback","decl":{"start":{"line":39,"column":20},"end":{"line":59,"column":4}},"loc":{"start":{"line":39,"column":20},"end":{"line":59,"column":4}},"line":39},"4":{"name":"getRenderFormat","decl":{"start":{"line":64,"column":24},"end":{"line":64,"column":6}},"loc":{"start":{"line":64,"column":24},"end":{"line":64,"column":6}},"line":64},"5":{"name":"buildTree","decl":{"start":{"line":73,"column":18},"end":{"line":73,"column":6}},"loc":{"start":{"line":73,"column":18},"end":{"line":73,"column":6}},"line":73},"6":{"name":"reduceResult","decl":{"start":{"line":82,"column":23},"end":{"line":114,"column":4}},"loc":{"start":{"line":82,"column":23},"end":{"line":114,"column":4}},"line":82},"7":{"name":"gendiff","decl":{"start":{"line":118,"column":16},"end":{"line":118,"column":6}},"loc":{"start":{"line":118,"column":16},"end":{"line":118,"column":6}},"line":118}},"f":{"0":1,"1":18,"2":3,"3":15,"4":4,"5":8,"6":33,"7":7}}
,"/home/alexander/gendiff/src/parsers.js": {"path":"/home/alexander/gendiff/src/parsers.js","statementMap":{"0":{"start":{"line":1,"column":0},"end":{"line":1,"column":28}},"1":{"start":{"line":2,"column":0},"end":{"line":2,"column":32}},"2":{"start":{"line":3,"column":0},"end":{"line":3,"column":35}},"3":{"start":{"line":4,"column":0},"end":{"line":4,"column":30}},"4":{"start":{"line":5,"column":0},"end":{"line":5,"column":25}},"5":{"start":{"line":6,"column":0},"end":{"line":6,"column":29}},"6":{"start":{"line":7,"column":0},"end":{"line":7,"column":27}},"7":{"start":{"line":8,"column":0},"end":{"line":8,"column":22}},"8":{"start":{"line":9,"column":0},"end":{"line":9,"column":0}},"9":{"start":{"line":10,"column":0},"end":{"line":10,"column":41}},"10":{"start":{"line":11,"column":0},"end":{"line":11,"column":50}},"11":{"start":{"line":12,"column":0},"end":{"line":12,"column":31}},"12":{"start":{"line":13,"column":0},"end":{"line":13,"column":56}},"13":{"start":{"line":14,"column":0},"end":{"line":14,"column":30}},"14":{"start":{"line":15,"column":0},"end":{"line":15,"column":29}},"15":{"start":{"line":16,"column":0},"end":{"line":16,"column":30}},"16":{"start":{"line":17,"column":0},"end":{"line":17,"column":3}},"17":{"start":{"line":18,"column":0},"end":{"line":18,"column":14}},"18":{"start":{"line":19,"column":0},"end":{"line":19,"column":2}},"19":{"start":{"line":20,"column":0},"end":{"line":20,"column":0}},"20":{"start":{"line":21,"column":0},"end":{"line":21,"column":38}},"21":{"start":{"line":22,"column":0},"end":{"line":22,"column":32}},"22":{"start":{"line":23,"column":0},"end":{"line":23,"column":54}},"23":{"start":{"line":24,"column":0},"end":{"line":24,"column":43}},"24":{"start":{"line":25,"column":0},"end":{"line":25,"column":54}},"25":{"start":{"line":26,"column":0},"end":{"line":26,"column":3}},"26":{"start":{"line":27,"column":0},"end":{"line":27,"column":14}},"27":{"start":{"line":28,"column":0},"end":{"line":28,"column":2}},"28":{"start":{"line":29,"column":0},"end":{"line":29,"column":0}},"29":{"start":{"line":30,"column":0},"end":{"line":30,"column":30}},"30":{"start":{"line":31,"column":0},"end":{"line":31,"column":35}}},"s":{"0":1,"1":1,"2":1,"3":1,"4":1,"5":1,"6":1,"7":1,"8":1,"9":1,"10":1,"11":5,"12":1,"13":2,"14":2,"15":2,"16":2,"17":1,"18":1,"19":1,"20":1,"21":1,"22":9,"23":9,"24":9,"25":9,"26":1,"27":1,"28":1,"29":1,"30":1},"branchMap":{"0":{"type":"branch","line":31,"loc":{"start":{"line":31,"column":35},"end":{"line":31,"column":35}},"locations":[{"start":{"line":31,"column":35},"end":{"line":31,"column":35}}]},"1":{"type":"branch","line":10,"loc":{"start":{"line":10,"column":18},"end":{"line":10,"column":6}},"locations":[{"start":{"line":10,"column":18},"end":{"line":10,"column":6}}]},"2":{"type":"branch","line":11,"loc":{"start":{"line":11,"column":49},"end":{"line":13,"column":4}},"locations":[{"start":{"line":11,"column":49},"end":{"line":13,"column":4}}]},"3":{"type":"branch","line":13,"loc":{"start":{"line":13,"column":3},"end":{"line":13,"column":9}},"locations":[{"start":{"line":13,"column":3},"end":{"line":13,"column":9}}]},"4":{"type":"branch","line":13,"loc":{"start":{"line":13,"column":8},"end":{"line":13,"column":55}},"locations":[{"start":{"line":13,"column":8},"end":{"line":13,"column":55}}]},"5":{"type":"branch","line":13,"loc":{"start":{"line":13,"column":55},"end":{"line":17,"column":3}},"locations":[{"start":{"line":13,"column":55},"end":{"line":17,"column":3}}]},"6":{"type":"branch","line":21,"loc":{"start":{"line":21,"column":24},"end":{"line":21,"column":6}},"locations":[{"start":{"line":21,"column":24},"end":{"line":21,"column":6}}]},"7":{"type":"branch","line":22,"loc":{"start":{"line":22,"column":31},"end":{"line":26,"column":3}},"locations":[{"start":{"line":22,"column":31},"end":{"line":26,"column":3}}]}},"b":{"0":[1],"1":[9],"2":[5],"3":[4],"4":[2],"5":[2],"6":[10],"7":[9]},"fnMap":{"0":{"name":"getParser","decl":{"start":{"line":10,"column":18},"end":{"line":10,"column":6}},"loc":{"start":{"line":10,"column":18},"end":{"line":10,"column":6}},"line":10},"1":{"name":"getObjFromFile","decl":{"start":{"line":21,"column":24},"end":{"line":21,"column":6}},"loc":{"start":{"line":21,"column":24},"end":{"line":21,"column":6}},"line":21}},"f":{"0":9,"1":10}}
}
