TN:
SF:index.js
FNF:0
FNH:0
DA:1,1
DA:2,1
DA:3,1
LF:3
LH:3
BRDA:3,0,0,1
BRF:1
BRH:1
end_of_record
TN:
SF:src/diff.js
FN:6,renderResultPlain
FN:7,getNodesCount
FN:38,renderResultStylish
FN:39,callback
FN:64,getRenderFormat
FN:73,buildTree
FN:82,reduceResult
FN:118,gendiff
FNF:8
FNH:8
FNDA:1,renderResultPlain
FNDA:18,getNodesCount
FNDA:3,renderResultStylish
FNDA:15,callback
FNDA:4,getRenderFormat
FNDA:8,buildTree
FNDA:33,reduceResult
FNDA:7,gendiff
DA:1,1
DA:2,1
DA:3,1
DA:4,1
DA:5,1
DA:6,1
DA:7,1
DA:8,18
DA:9,14
DA:10,14
DA:11,14
DA:12,3
DA:13,3
DA:14,14
DA:15,5
DA:16,5
DA:17,14
DA:18,2
DA:19,2
DA:20,4
DA:21,4
DA:22,4
DA:23,0
DA:24,0
DA:25,4
DA:26,4
DA:27,4
DA:28,4
DA:29,4
DA:30,1
DA:31,1
DA:32,1
DA:33,1
DA:34,1
DA:35,1
DA:36,1
DA:37,1
DA:38,1
DA:39,1
DA:40,15
DA:41,15
DA:42,15
DA:43,15
DA:44,3
DA:45,3
DA:46,15
DA:47,3
DA:48,3
DA:49,15
DA:50,6
DA:51,6
DA:52,3
DA:53,3
DA:54,3
DA:55,0
DA:56,0
DA:57,0
DA:58,0
DA:59,0
DA:60,1
DA:61,1
DA:62,1
DA:63,1
DA:64,1
DA:65,1
DA:66,3
DA:67,1
DA:68,1
DA:69,1
DA:70,1
DA:71,1
DA:72,1
DA:73,1
DA:74,1
DA:75,1
DA:76,1
DA:77,1
DA:78,1
DA:79,1
DA:80,1
DA:81,1
DA:82,1
DA:83,33
DA:84,33
DA:85,16
DA:86,16
DA:87,16
DA:88,16
DA:89,16
DA:90,16
DA:91,16
DA:92,16
DA:93,16
DA:94,16
DA:95,16
DA:96,16
DA:97,16
DA:98,16
DA:99,16
DA:100,16
DA:101,16
DA:102,16
DA:103,16
DA:104,16
DA:105,16
DA:106,8
DA:107,8
DA:108,8
DA:109,8
DA:110,8
DA:111,8
DA:112,33
DA:113,33
DA:114,33
DA:115,1
DA:116,1
DA:117,1
DA:118,1
DA:119,1
DA:120,2
DA:121,2
DA:122,2
DA:123,5
DA:124,5
DA:125,5
DA:126,1
DA:127,1
DA:128,1
DA:129,1
DA:130,1
DA:131,1
DA:132,1
DA:133,1
DA:134,1
DA:135,1
DA:136,1
DA:137,1
DA:138,1
DA:139,1
LF:139
LH:132
BRDA:139,0,0,1
BRDA:6,1,0,1
BRDA:7,2,0,18
BRDA:8,3,0,14
BRDA:9,4,0,2
BRDA:9,5,0,12
BRDA:10,6,0,3
BRDA:10,7,0,11
BRDA:11,8,0,3
BRDA:13,9,0,11
BRDA:14,10,0,5
BRDA:16,11,0,6
BRDA:17,12,0,2
BRDA:19,13,0,4
BRDA:22,14,0,0
BRDA:24,15,0,4
BRDA:26,16,0,14
BRDA:32,17,0,4
BRDA:33,18,0,14
BRDA:34,19,0,11
BRDA:38,20,0,3
BRDA:39,21,0,15
BRDA:40,22,0,0
BRDA:41,23,0,0
BRDA:43,24,0,3
BRDA:45,25,0,12
BRDA:46,26,0,3
BRDA:48,27,0,9
BRDA:49,28,0,6
BRDA:51,29,0,3
BRDA:54,30,0,0
BRDA:64,31,0,4
BRDA:65,32,0,3
BRDA:67,33,0,1
BRDA:73,34,0,8
BRDA:82,35,0,33
BRDA:84,36,0,25
BRDA:84,37,0,17
BRDA:85,38,0,5
BRDA:85,39,0,4
BRDA:85,40,0,13
BRDA:88,41,0,6
BRDA:88,42,0,7
BRDA:84,43,0,16
BRDA:105,44,0,8
BRDA:118,45,0,7
BRDA:119,46,0,6
BRDA:119,47,0,2
BRDA:122,48,0,5
BRDA:126,49,0,1
BRF:50
BRH:46
end_of_record
TN:
SF:src/parsers.js
FN:10,getParser
FN:21,getObjFromFile
FNF:2
FNH:2
FNDA:9,getParser
FNDA:10,getObjFromFile
DA:1,1
DA:2,1
DA:3,1
DA:4,1
DA:5,1
DA:6,1
DA:7,1
DA:8,1
DA:9,1
DA:10,1
DA:11,1
DA:12,5
DA:13,1
DA:14,2
DA:15,2
DA:16,2
DA:17,2
DA:18,1
DA:19,1
DA:20,1
DA:21,1
DA:22,1
DA:23,9
DA:24,9
DA:25,9
DA:26,9
DA:27,1
DA:28,1
DA:29,1
DA:30,1
DA:31,1
LF:31
LH:31
BRDA:31,0,0,1
BRDA:10,1,0,9
BRDA:11,2,0,5
BRDA:13,3,0,4
BRDA:13,4,0,2
BRDA:13,5,0,2
BRDA:21,6,0,10
BRDA:22,7,0,9
BRF:8
BRH:8
end_of_record
